;; This buffer is for notes you don't want to save, and for Lisp evaluation.
;; If you want to create a file, visit that file with C-x C-f,
;; then enter the text in that file's own buffer.

(defvar fontfile-ffs-keywords
  '("if" "else" "elseif" "endif" "while" "endloop" "foreach" "break" "return" "shift") )
fontfile-sfd-keywords
(regexp-opt fontfile-ffs-keywords 'words)
"\\<\\(break\\|e\\(?:lse\\(?:if\\)?\\|nd\\(?:if\\|loop\\)\\)\\|foreach\\|if\\|return\\|shift\\|while\\)\\>"

(defvar fontfile-ffs-builtins
  '("$argc" "$argv" "$curfont" "$firstfont" "$nextfont" "$fontchanged" "$fontname" "$familyname" "$fullname" "$fondname" "$weight" "$copyright" "$filename" "$0" "$1" "$2" "$fontversion" "$iscid" "$cidfontanme" "$mmcount" "$cidfamilyname"
"$cidfullname"
"$cidweight"
"$cidcopyright"
"$italicangle"
"$loadState"
"$privateState"
"$curcid"
"$firstcid"
"$nextcid"
"$macstyle"
"$bitmaps"
"$order"
"$em"
"$ascent"
"$descent"
"$selection"
"$panose"
"$trace"
"$version"
"$haspython") )
fontfile-ffs-builtins

(regexp-opt fontfile-ffs-builtins 'words)
"\\<\\(\\$\\(?:a\\(?:rg[cv]\\|scent\\)\\|bitmaps\\|c\\(?:id\\(?:copyright\\|f\\(?:\\(?:amilyna\\|ontan\\|ullna\\)me\\)\\|weight\\)\\|opyright\\|ur\\(?:cid\\|font\\)\\)\\|descent\\|em\\|f\\(?:amilyname\\|i\\(?:lename\\|rst\\(?:cid\\|font\\)\\)\\|on\\(?:dname\\|t\\(?:changed\\|name\\|version\\)\\)\\|ullname\\)\\|haspython\\|i\\(?:scid\\|talicangle\\)\\|loadState\\|m\\(?:acstyle\\|mcount\\)\\|next\\(?:cid\\|font\\)\\|order\\|p\\(?:\\(?:anos\\|rivateStat\\)e\\)\\|selection\\|trace\\|version\\|weight\\|[012]\\)\\)\\>"

(defvar fontfile-ffs-functions
  '("Close"
"ControlAfmLigatureOutput"
"Export"
"FontsInFile"
"Generate"
"GenerateFamily"
"Import"
"MergeKern"
"MergeFeature"
"New"
"Open"
"PrintFont"
"PrintSetup"
"Quit"
"Revert"
"RevertToBackup"
"Save"
"FileAccess"
"FontImage"
"LoadStringFromFile"
"WriteStringToFile"
"Clear"
"ClearBackground"
"Copy"
"CopyAnchors"
"CopyFgToBg"
"CopyGlyphFeatures"
"CopyLBearing"
"CopyRBearing"
"CopyReference"
"CopyUnlinked"
"CopyVWidth"
"CopyWidth"
"Cut"
"Join"
"Paste"
"PasteInto"
"PasteWithOffset"
"ReplaceWithReference"
"SameGlyphAs"
"UnlinkReference"
"Select"
"SelectAll"
"SelectAllInstancesOf"
"SelectBitmap"
"SelectByATT"
"SelectByPosSub"
"SelectChanged"
"SelectFewer"
"SelectFewerSingletons"
"SelectHintingNeeded"
"SelectIf"
"SelectInvert"
"SelectMore"
"SelectMoreIf"
"SelectMoreSingletons"
"SelectMoreSingletonsIf"
"SelectNone"
"SelectSingletons"
"SelectSingletonsIf"
"SelectWorthOutputting"
"AddAccent"
"AddExtrema"
"ApplySubstitution"
"AutoTrace"
"BitmapsAvail"
"BitmapsRegen"
"BuildAccented"
"BuildComposite"
"BuildDuplicate"
"CanonicalContours"
"CanonicalStart"
"CompareFonts"
"CompareGlyphs"
"CorrectDirection"
"DefaultRoundToGrid"
"DefaultUseMyMetrics"
"ExpandStroke"
"FindIntersections"
"HFlip"
"Inline"
"InterpolateFonts"
"MergeFonts"
"Move"
"MoveReference"
"NearlyHvCps"
"NearlyHvLines"
"NearlyLines"
"NonLinearTransform"
"Outline"
"OverlapIntersect"
"PositionReference"
"RemoveOverlap"
"Rotate"
"RoundToCluster"
"RoundToInt"
"Scale"
"ScaleToEm"
"Shadow"
"Simplify"
"Skew"
"Transform"
"VFlip"
"Wireframe"
"AddSizeFeature"
"ChangePrivateEntry"
"ClearPrivateEntry"
"GetFontBoundingBox"
"GetMaxpValue"
"GetOS2Value"
"GetPrivateEntry"
"GetTeXParam"
"GetTTFName"
"HasPrivateEntry"
"ScaleToEm"
"SetFondName"
"SetFontHasVerticalMetrics"
"SetFontNames"
"SetFontOrder"
"SetGasp"
"SetItalicAngle"
"SetMacStyle"
"SetMaxpValue"
"SetOS2Value"
"SetPanose"
"SetTeXParams"
"SetTTFName"
"SetUniqueID"
"DrawsSomething"
"GetPosSub"
"GlyphInfo"
"SetGlyphColor"
"SetGlyphComment"
"SetGlyphChanged"
"SetGlyphClass"
"SetGlyphName"
"SetUnicodeValue"
"SetGlyphTeX"
"WorthOutputting"
"AddAnchorClass"
"AddAnchorPoint"
"AddLookup"
"AddLookupSubtable"
"AddPosSub"
"AddPosSub"
"AddPosSub"
"AddSizeFeature"
"AddATT"
"ApplySubstitution"
"CheckForAnchorClass"
"DefaultATT"
"GetAnchorPoints"
"GetLookupInfo"
"GetLookups"
"GetLookupSubtables"
"GetLookupOfSubtable"
"GetPosSub"
"GetSubtableOfAnchor"
"GenerateFeatureFile"
"HasPreservedTable"
"LoadTableFromFile"
"LookupStoreLigatureInAfm"
"LookupSetFeatureList"
"MergeLookups"
"MergeLookupSubtables"
"RemoveATT"
"RemoveAnchorClass"
"RemoveLookup"
"RemoveLookupSubtable"
"RemovePosSub"
"RemovePreservedTable"
"SaveTableToFile"
"CharCnt"
"DetachGlyphs"
"DetachAndRemoveGlyphs"
"LoadEncodingFile"
"MultipleEncodingsToReferences"
"Reencode"
"RemoveDetachedGlyphs"
"RenameGlyphs"
"SameGlyphAs"
"SetCharCnt"
"AddDHint"
"AddHHint"
"AddInstrs"
"AddVHint"
"AutoCounter"
"AutoHint"
"AutoInstr"
"ChangePrivateEntry"
"ClearGlyphCounterMasks"
"ClearHints"
"ClearInstrs"
"ClearPrivateEntry"
"ClearTable"
"DontAutoHint"
"FindOrAddCvtIndex"
"GetCvtAt"
"GetPrivateEntry"
"HasPrivateEntry"
"ReplaceGlyphCounterMasks"
"ReplaceCvtAt"
"SetGlyphCounterMask"
"SubstitutionPoints"
"AutoKern"
"AutoWidth"
"CenterInWidth"
"SetKern"
"RemoveAllKerns"
"RemoveAllVKerns"
"SetLBearing"
"SetRBearing"
"SetVKern"
"SetVWidth"
"SetWidth"
"VKernFromHKern"
"MMAxisBounds"
"MMAxisNames"
"MMBlendToNewFont"
"MMChangeInstance"
"MMChangeWeight"
"MMInstanceNames"
"MMWeightedName"
"CIDChangeSubFont"
"CIDFlatten"
"CIDFlattenByCMap"
"CIDSetFontNames"
"ConvertToCID"
"ConvertByCMap"
"PreloadCidmap"
"AskUser"
"Error"
"PostNotice"
"Print"
"DefaultOtherSubrs"
"GetPref"
"LoadEncodingFile"
"LoadNamelist"
"LoadNamelistDir"
"LoadPlugin"
"LoadPluginDir"
"LoadPrefs"
"ReadOtherSubrsFile"
"SavePrefs"
"SetPref"
"ATan2"
"Ceil"
"Chr"
"Cos"
"Exp"
"Floor"
"Int"
"IsFinite"
"IsNan"
"Log"
"Ord"
"Pow"
"Rand"
"Real"
"Round"
"Sin"
"Sqrt"
"Strskipint"
"Strtod"
"Strtol"
"Tan"
"ToString"
"UCodePoint"
"NameFromUnicode"
"UCodePoint"
"UnicodeFromName"
"Ucs4"
"Utf8"
"Chr"
"GetEnv"
"NameFromUnicode"
"Ord"
"Strcasecmp"
"Strcasestr"
"Strftime"
"StrJoin"
"Strlen"
"Strrstr"
"Strskipint"
"StrSplit"
"Strstr"
"Strsub"
"Strtod"
"Strtol"
"ToString"
"UnicodeFromName"
"Ucs4"
"Utf8"
"IsAlNum"
"IsAlpha"
"IsDigit"
"IsHexDigit"
"IsLower"
"IsSpace"
"IsUpper"
"ToLower"
"ToMirror"
"ToUpper"
"Array"
"SizeOf"
"InFont"
"TypeOf"
"ClearCharCounterMasks"
"CharInfo"
"ReplaceCharCounterMasks"
"SetCharColor"
"SetCharComment"
"SetCharCounterMask"
"SetCharName") )
fontfile-ffs-functions

(regexp-opt fontfile-ffs-functions 'words)
"\\<\\(A\\(?:Tan2\\|dd\\(?:A\\(?:TT\\|ccent\\|nchor\\(?:Class\\|Point\\)\\)\\|DHint\\|Extrema\\|HHint\\|Instrs\\|Lookup\\(?:Subtable\\)?\\|PosSub\\|SizeFeature\\|VHint\\)\\|pplySubstitution\\|rray\\|skUser\\|uto\\(?:Counter\\|Hint\\|Instr\\|Kern\\|Trace\\|Width\\)\\)\\|B\\(?:itmaps\\(?:Avail\\|Regen\\)\\|uild\\(?:Accented\\|\\(?:Composi\\|Duplica\\)te\\)\\)\\|C\\(?:ID\\(?:ChangeSubFont\\|Flatten\\(?:ByCMap\\)?\\|SetFontNames\\)\\|anonical\\(?:Contours\\|Start\\)\\|e\\(?:il\\|nterInWidth\\)\\|h\\(?:a\\(?:ngePrivateEntry\\|r\\(?:Cnt\\|Info\\)\\)\\|eckForAnchorClass\\|r\\)\\|l\\(?:ear\\(?:Background\\|CharCounterMasks\\|GlyphCounterMasks\\|Hints\\|Instrs\\|PrivateEntry\\|Table\\)?\\|ose\\)\\|o\\(?:mpare\\(?:\\(?:Font\\|Glyph\\)s\\)\\|n\\(?:trolAfmLigatureOutput\\|vert\\(?:ByCMap\\|ToCID\\)\\)\\|py\\(?:Anchors\\|FgToBg\\|GlyphFeatures\\|LBearing\\|R\\(?:Bearing\\|eference\\)\\|Unlinked\\|V?Width\\)?\\|rrectDirection\\|s\\)\\|ut\\)\\|D\\(?:e\\(?:fault\\(?:ATT\\|OtherSubrs\\|RoundToGrid\\|UseMyMetrics\\)\\|tach\\(?:\\(?:AndRemove\\)?Glyphs\\)\\)\\|ontAutoHint\\|rawsSomething\\)\\|E\\(?:rror\\|xp\\(?:andStroke\\|ort\\)?\\)\\|F\\(?:i\\(?:leAccess\\|nd\\(?:Intersections\\|OrAddCvtIndex\\)\\)\\|loor\\|ont\\(?:\\(?:Imag\\|sInFil\\)e\\)\\)\\|G\\(?:e\\(?:nerate\\(?:F\\(?:amily\\|eatureFile\\)\\)?\\|t\\(?:AnchorPoints\\|CvtAt\\|Env\\|FontBoundingBox\\|Lookup\\(?:Info\\|OfSubtable\\|\\(?:Subtable\\)?s\\)\\|MaxpValue\\|OS2Value\\|P\\(?:osSub\\|r\\(?:ef\\|ivateEntry\\)\\)\\|SubtableOfAnchor\\|T\\(?:TFName\\|eXParam\\)\\)\\)\\|lyphInfo\\)\\|H\\(?:Flip\\|asPr\\(?:eservedTable\\|ivateEntry\\)\\)\\|I\\(?:mport\\|n\\(?:Font\\|line\\|t\\(?:erpolateFonts\\)?\\)\\|s\\(?:Al\\(?:Num\\|pha\\)\\|Digit\\|Finite\\|HexDigit\\|Lower\\|Nan\\|Space\\|Upper\\)\\)\\|Join\\|Lo\\(?:ad\\(?:EncodingFile\\|Namelist\\(?:Dir\\)?\\|P\\(?:lugin\\(?:Dir\\)?\\|refs\\)\\|\\(?:String\\|Table\\)FromFile\\)\\|g\\|okupS\\(?:etFeatureList\\|toreLigatureInAfm\\)\\)\\|M\\(?:M\\(?:Axis\\(?:\\(?:Bound\\|Name\\)s\\)\\|BlendToNewFont\\|Change\\(?:Instance\\|Weight\\)\\|InstanceNames\\|WeightedName\\)\\|erge\\(?:F\\(?:eature\\|onts\\)\\|Kern\\|Lookup\\(?:\\(?:Subtable\\)?s\\)\\)\\|ove\\(?:Reference\\)?\\|ultipleEncodingsToReferences\\)\\|N\\(?:ameFromUnicode\\|e\\(?:arly\\(?:\\(?:Hv\\(?:Cp\\|Line\\)\\|Line\\)s\\)\\|w\\)\\|onLinearTransform\\)\\|O\\(?:pen\\|rd\\|utline\\|verlapIntersect\\)\\|P\\(?:aste\\(?:Into\\|WithOffset\\)?\\|o\\(?:s\\(?:\\(?:itionReferen\\|tNoti\\)ce\\)\\|w\\)\\|r\\(?:eloadCidmap\\|int\\(?:Font\\|Setup\\)?\\)\\)\\|Quit\\|R\\(?:and\\|e\\(?:a\\(?:dOtherSubrsFile\\|l\\)\\|encode\\|move\\(?:A\\(?:TT\\|\\(?:ll\\(?:V?Kern\\)\\|nchorClas\\)s\\)\\|DetachedGlyphs\\|Lookup\\(?:Subtable\\)?\\|Overlap\\|P\\(?:osSub\\|reservedTable\\)\\)\\|nameGlyphs\\|place\\(?:C\\(?:harCounterMasks\\|vtAt\\)\\|GlyphCounterMasks\\|WithReference\\)\\|vert\\(?:ToBackup\\)?\\)\\|o\\(?:tate\\|und\\(?:To\\(?:Cluster\\|Int\\)\\)?\\)\\)\\|S\\(?:a\\(?:meGlyphAs\\|ve\\(?:Prefs\\|TableToFile\\)?\\)\\|cale\\(?:ToEm\\)?\\|e\\(?:lect\\(?:All\\(?:InstancesOf\\)?\\|B\\(?:itmap\\|y\\(?:ATT\\|PosSub\\)\\)\\|Changed\\|Fewer\\(?:Singletons\\)?\\|HintingNeeded\\|I\\(?:f\\|nvert\\)\\|More\\(?:If\\|Singletons\\(?:If\\)?\\)?\\|None\\|Singletons\\(?:If\\)?\\|WorthOutputting\\)?\\|t\\(?:Char\\(?:C\\(?:nt\\|o\\(?:lor\\|mment\\|unterMask\\)\\)\\|Name\\)\\|Fon\\(?:dName\\|t\\(?:HasVerticalMetrics\\|Names\\|Order\\)\\)\\|G\\(?:asp\\|lyph\\(?:C\\(?:hanged\\|lass\\|o\\(?:lor\\|mment\\|unterMask\\)\\)\\|Name\\|TeX\\)\\)\\|ItalicAngle\\|Kern\\|LBearing\\|Ma\\(?:\\(?:cStyl\\|xpValu\\)e\\)\\|OS2Value\\|P\\(?:anose\\|ref\\)\\|RBearing\\|T\\(?:TFName\\|eXParams\\)\\|Uni\\(?:codeValue\\|queID\\)\\|V\\(?:Kern\\|Width\\)\\|Width\\)\\)\\|hadow\\|i\\(?:mplify\\|n\\|zeOf\\)\\|kew\\|qrt\\|tr\\(?:Join\\|Split\\|case\\(?:cmp\\|str\\)\\|ftime\\|len\\|rstr\\|s\\(?:kipint\\|tr\\|ub\\)\\|to[dl]\\)\\|ubstitutionPoints\\)\\|T\\(?:an\\|o\\(?:Lower\\|Mirror\\|String\\|Upper\\)\\|ransform\\|ypeOf\\)\\|U\\(?:CodePoint\\|cs4\\|n\\(?:\\(?:icodeFromNam\\|linkReferenc\\)e\\)\\|tf8\\)\\|V\\(?:Flip\\|KernFromHKern\\)\\|W\\(?:ireframe\\|orthOutputting\\|riteStringToFile\\)\\)\\>"

