;; This buffer is for notes you don't want to save, and for Lisp evaluation.
;; If you want to create a file, visit that file with C-x C-f,
;; then enter the text in that file's own buffer.

;; To recreate the optimized regexp for each keyword class, you must
;; move the cursor to the end of the class definition (that is, to
;; the point just after the closing parenthesis of the 'defvar'
;; expression you are interested in. Then type Ctrl-J, which will 
;; evaluate the defvar expression. Assuming it succeeds, Emacs will
;; echo the name of the defvar-defined class to you.  
;;
;; Next, move the cursor to the end of the regexp-opt command that 
;; corresponds to the newly-executed-defvar-defined class you just
;; made, and hit Ctrl-J again. Emacs will then echo back to you the
;; large-but-still-optimial regexp that you can copy back into the
;; major-mode function definition.

(defvar fontfile-sfd-keywords
  '("SplineFontDB"
"FontName"
"FullName"
"FamilyName"
"DefaultBaseFilename"
"Weight"
"Copyright"
"Comments"
"UComments"
"FontLog"
"Version"
"ItalicAngle"
"UnderlinePosition"
"UnderlineWidth"
"Ascent"
"Descent"
"sfntRevision"
"WidthSeparation"
"LayerCount"
"Layer"
"DisplaySize"
"DisplayLayer"
"AntiAlias"
"WinInfo"
"FitToEm"
"UseUniqueID"
"UseXUID"
"XUID"
"Encoding"
"Order2"
"OnlyBitmaps"
"MacStyle"
"TeXData"
"CreationTime"
"ModificationTime"
"GaspTable"
"DEI"
"ExtremaBound"
"woffMajor"
"woffMinor"
"woffMetadata"
"UFOAscent"
"UFODescent"
"FSType"
"PFMFamily"
"TTFWeight"
"TTFWidth"
"Panose"
"LineGap"
"OS2LineGap"
"VLineGap"
"OS2Vendor"
"OS2FamilyClass"
"OS2Version"
"OS2_WeightWidthSlopeOnly"
"OS2_UseTypoMetrics"
"OS2CodePages"
"OS2UnicodeRanges"
"HheadAscent"
"HheadAOffset"
"HheadDescent"
"HheadDOffset"
"OS2TypoAscent"
"OS2TypoAOffset"
"OS2TypoDescent"
"OS2TypoDOffset"
"OS2WinAscent"
"OS2WinAOffset"
"OS2WinDescent"
"OS2WinDOffset"
"OS2SubXSize"
"OS2SubYSize"
"OS2SubXOff"
"OS2SubYOff"
"OS2SupXSize"
"OS2SupYSize"
"OS2SupXOff"
"OS2SupYOff"
"OS2StrikeYSize"
"OS2StrikeYPos"
"BeginPrivate"
"BlueValues"
"EndPrivate"
"PickledData"
"Lookup"
"KernClass2"
"MarkAttachClasses"
"MarkAttachSets"
"BaseHoriz"
"BaseScript"
"Justify"
"EndJustify"
"TtTable"
"TtfTable"
"ShortTable"
"LangName"
"OtfFeatName"
"AnchorClass2"
"ChainSub2"
"EndFPST"
"MacIndic2"
"MacContext2"
"MacInsert2"
"MacKern2"
"MacFeat"
"MacName"
"MacSetting"
"EndASM"
"Grid"
"MATH"
"BeginChars"
"EndBitmapFont"
"EndSplineFont"
"CIDVersion"
"BeginSubFonts"
"MMCounts"
"MMAxis"
"MMPositions"
"MMWeights"
"MMAxisMap"
"MacName"
"MMNamedInstance"
"MMCDV"
"EndMMSubroutine"
"MMNDV"
"BeginMMFonts"
"BitmapFont") )
fontfile-sfd-keywords
(regexp-opt fontfile-sfd-keywords 'words)
"\\<\\(A\\(?:n\\(?:chorClass2\\|tiAlias\\)\\|scent\\)\\|B\\(?:ase\\(?:Horiz\\|Script\\)\\|egin\\(?:Chars\\|MMFonts\\|Private\\|SubFonts\\)\\|itmapFont\\|lueValues\\)\\|C\\(?:IDVersion\\|hainSub2\\|o\\(?:mments\\|pyright\\)\\|reationTime\\)\\|D\\(?:EI\\|e\\(?:faultBaseFilename\\|scent\\)\\|isplay\\(?:Layer\\|Size\\)\\)\\|E\\(?:n\\(?:coding\\|d\\(?:ASM\\|BitmapFont\\|FPST\\|Justify\\|MMSubroutine\\|Private\\|SplineFont\\)\\)\\|xtremaBound\\)\\|F\\(?:SType\\|amilyName\\|itToEm\\|ont\\(?:Log\\|Name\\)\\|ullName\\)\\|G\\(?:aspTable\\|rid\\)\\|Hhead\\(?:\\(?:A\\(?:Offse\\|scen\\)\\|D\\(?:Offse\\|escen\\)\\)t\\)\\|ItalicAngle\\|Justify\\|KernClass2\\|L\\(?:a\\(?:ngName\\|yer\\(?:Count\\)?\\)\\|\\(?:ineGa\\|ooku\\)p\\)\\|M\\(?:ATH\\|M\\(?:Axis\\(?:Map\\)?\\|C\\(?:DV\\|ounts\\)\\|N\\(?:DV\\|amedInstance\\)\\|\\(?:Position\\|Weight\\)s\\)\\|a\\(?:c\\(?:Context2\\|Feat\\|In\\(?:\\(?:dic\\|sert\\)2\\)\\|Kern2\\|Name\\|S\\(?:etting\\|tyle\\)\\)\\|rkAttach\\(?:\\(?:Classe\\|Set\\)s\\)\\)\\|odificationTime\\)\\|O\\(?:S2\\(?:CodePages\\|FamilyClass\\|LineGap\\|S\\(?:trikeY\\(?:Pos\\|Size\\)\\|u\\(?:b\\(?:X\\(?:Off\\|Size\\)\\|Y\\(?:Off\\|Size\\)\\)\\|p\\(?:X\\(?:Off\\|Size\\)\\|Y\\(?:Off\\|Size\\)\\)\\)\\)\\|Typo\\(?:\\(?:A\\(?:Offse\\|scen\\)\\|D\\(?:Offse\\|escen\\)\\)t\\)\\|UnicodeRanges\\|Ve\\(?:ndor\\|rsion\\)\\|Win\\(?:\\(?:A\\(?:Offse\\|scen\\)\\|D\\(?:Offse\\|escen\\)\\)t\\)\\|_\\(?:UseTypoMetrics\\|WeightWidthSlopeOnly\\)\\)\\|nlyBitmaps\\|rder2\\|tfFeatName\\)\\|P\\(?:FMFamily\\|anose\\|ickledData\\)\\|S\\(?:hortTable\\|plineFontDB\\)\\|T\\(?:TFW\\(?:eight\\|idth\\)\\|eXData\\|t\\(?:f?Table\\)\\)\\|U\\(?:Comments\\|FO\\(?:\\(?:A\\|De\\)scent\\)\\|nderline\\(?:Position\\|Width\\)\\|se\\(?:\\(?:Unique\\|XU\\)ID\\)\\)\\|V\\(?:LineGap\\|ersion\\)\\|W\\(?:eight\\|i\\(?:dthSeparation\\|nInfo\\)\\)\\|XUID\\|sfntRevision\\|woffM\\(?:ajor\\|etadata\\|inor\\)\\)\\>"


(defvar fontfile-sfd-keywords-level2
  '("Registry"
"Ordering"
"Supplement"
"CIDVersion"
"JstfLang"
"JstfPrio"
"JstfEnableShrink"
"JstfDisableExtend"
"JstfMaxShrink"
"JstfMaxExtend"
"JstfExtender"
"Coverage"
"BCoverage"
"SeqLookup"
"Class"
"BClass"
"ClsList"
"BClsList"
"FClsList"
"String"
"BString"
"FString"
"Replace"
"ScriptPercentScaleDown"
"ScriptScriptPercentScaleDown"
"DelimitedSubFormulaMinHeight"
"DisplayOperatorMinHeight"
"MathLeading"
"AxisHeight"
"AccentBaseHeight"
"FlattenedAccentBaseHeight"
"SubscriptShiftDown"
"SubscriptTopMax"
"SubscriptBaselineDropMin"
"SuperscriptShiftUp"
"SuperscriptShiftUpCramped"
"SuperscriptBottomMin"
"SuperscriptBaselineDropMax"
"SubSuperscriptGapMin"
"SuperscriptBottomMaxWithSubscript"
"SpaceAfterScript"
"UpperLimitGapMin"
"UpperLimitBaselineRiseMin"
"LowerLimitGapMin"
"LowerLimitBaselineDropMin"
"StackTopShiftUp"
"StackTopDisplayStyleShiftUp"
"StackBottomShiftDown"
"StackBottomDisplayShiftDown"
"StackGapMin"
"StackDisplayStyleGapMin"
"StretchStackTopShiftUp"
"StretchStackBottomShiftDown"
"StretchStackGapAboveMin"
"StretchStackGapBelowMin"
"FractionNumeratorShiftUp"
"FractionNumeratorDisplayStyleShiftUp"
"FractionDenominatorShiftDown"
"FractionDenominatorDisplayStyleShiftDown"
"FractionNumeratorGapMin"
"FractionNumeratorDisplayStyleGapMin"
"FractionRuleThickness"
"FractionDenominatorGapMin"
"FractionDenominatorDisplayStyleGapMin"
"SkewedFractionHorizontalGap"
"SkewedFractionVerticalGap"
"OverbarVerticalGap"
"OverbarRuleThickness"
"OverbarExtraAscender"
"UnderbarVerticalGap"
"UnderbarRuleThickness"
"UnderbarExtraDescender"
"RadicalVerticalGap"
"RadicalDisplayStyleVerticalGap"
"RadicalRuleThickness"
"RadicalExtraAscender"
"RadicalKernBeforeDegree"
"RadicalKernAfterDegree"
"RadicalDegreeBottomRaisePercent"
"MinConnectorOverlap"
"StartChar"
"EndChar"
"BDFStartProperties"
"BDFEndProperties"
"Resolution"
"BDFChar"
"BDFRefChar") )
fontfile-sfd-keywords-level2

(regexp-opt fontfile-sfd-keywords-level2 'words)
"\\<\\(B\\(?:C\\(?:l\\(?:ass\\|sList\\)\\|overage\\)\\|DF\\(?:Char\\|EndProperties\\|RefChar\\|StartProperties\\)\\|String\\)\\|C\\(?:IDVersion\\|l\\(?:ass\\|sList\\)\\|overage\\)\\|EndChar\\|F\\(?:ClsList\\|String\\)\\|Jstf\\(?:DisableExtend\\|E\\(?:nableShrink\\|xtender\\)\\|Lang\\|Max\\(?:Extend\\|Shrink\\)\\|Prio\\)\\|Ordering\\|Re\\(?:gistry\\|place\\|solution\\)\\|S\\(?:criptPercentScaleDown\\|eqLookup\\|t\\(?:artChar\\|ring\\)\\|upplement\\)\\)\\>"


(defvar fontfile-sfd-keywords-level3
  '("Encoding"
"Width"
"Flags"
"HStem"
"VStem"
"DStem2"
"Fore"
"SplineSet"
"EndSplineSet"
"VWidth"
"InSpiro"
"Flags"
"Refer"
"Back"
"Image"
"EndImage"
"CounterMasks"
"TtInstrs"
"TtfInstrs"
"EndTtf"
"AnchorPoint"
"GlyphClass"
"AltUni2"
"Kerns2"
"Position2"
"PairPos2"
"Ligature2"
"Substitution2"
"AlternateSubs2"
"MultipleSubs2"
"LCarets2"
"Comment"
"Colour"
"Validated"
"UnlinkRmOvrlpSave"
"TEX"
"ItalicCorrection"
"TopAccentHorizontal"
"IsExtendedShape"
"GlyphVariantsVertical"
"GlyphConstructionVertical"
"TopRightVertex"
"LayerCount"
"FillGradient"
"FillPattern"
"TileMargin"
"TileBounds"
"COMMENT"
"FONT_DESCENT") )
fontfile-sfd-keywords-level3
(regexp-opt fontfile-sfd-keywords-level3 'words)
"\\<\\(A\\(?:lt\\(?:\\(?:Uni\\|ernateSubs\\)2\\)\\|nchorPoint\\)\\|Back\\|C\\(?:OMMENT\\|o\\(?:lour\\|mment\\|unterMasks\\)\\)\\|DStem2\\|En\\(?:coding\\|d\\(?:Image\\|SplineSet\\|Ttf\\)\\)\\|F\\(?:ONT_DESCENT\\|ill\\(?:Gradient\\|Pattern\\)\\|lags\\|ore\\)\\|Glyph\\(?:C\\(?:lass\\|onstructionVertical\\)\\|VariantsVertical\\)\\|HStem\\|I\\(?:mage\\|nSpiro\\|sExtendedShape\\|talicCorrection\\)\\|Kerns2\\|L\\(?:Carets2\\|ayerCount\\|igature2\\)\\|MultipleSubs2\\|P\\(?:\\(?:airPos\\|osition\\)2\\)\\|Refer\\|S\\(?:plineSet\\|ubstitution2\\)\\|T\\(?:EX\\|ile\\(?:Bounds\\|Margin\\)\\|op\\(?:AccentHorizontal\\|RightVertex\\)\\|t\\(?:f?Instrs\\)\\)\\|UnlinkRmOvrlpSave\\|V\\(?:Stem\\|Width\\|alidated\\)\\|Width\\)\\>"


(defvar fontfile-sfd-keywords-level4
  '("Spiro"
"EndSpiro"
"PathFlags") )
fontfile-sfd-keywords-level4
(regexp-opt fontfile-sfd-keywords-level4 'words)
"\\<\\(EndSpiro\\|PathFlags\\|Spiro\\)\\>"
